Build started 4/27/2015 11:06:12 PM.
     1>Project "C:\Users\Sneha\Desktop\Sockets1\Sockets\Server\Server.vcxproj" on node 2 (Build target(s)).
     1>C:\Program Files (x86)\MSBuild\Microsoft.Cpp\v4.0\V120\Microsoft.CppBuild.targets(381,5): warning MSB8028: The intermediate directory (Debug\) contains files shared from another project (Server.vcxproj).  This can lead to incorrect clean and rebuild behavior.
     1>ClCompile:
         C:\Program Files (x86)\Microsoft Visual Studio 12.0\VC\bin\CL.exe /c /ZI /nologo /W3 /WX- /sdl /Od /Oy- /D WIN32 /D _DEBUG /D _CONSOLE /D _LIB /D _UNICODE /D UNICODE /Gm /EHsc /RTC1 /MDd /GS /fp:precise /Zc:wchar_t /Zc:forScope /Fo"Debug\\" /Fd"Debug\vc120.pdb" /Gd /TP /analyze- /errorReport:prompt ..\Receiver\Receiver.cpp ServerTest.cpp
         Receiver.cpp
     1>c:\users\sneha\desktop\sockets1\sockets\receiver\receiver.cpp(215): warning C4018: '<' : signed/unsigned mismatch
     1>c:\users\sneha\desktop\sockets1\sockets\receiver\receiver.cpp(413): warning C4018: '<' : signed/unsigned mismatch
     1>c:\users\sneha\desktop\sockets1\sockets\receiver\receiver.cpp(436): warning C4018: '<' : signed/unsigned mismatch
     1>c:\users\sneha\desktop\sockets1\sockets\receiver\receiver.cpp(469): warning C4018: '<' : signed/unsigned mismatch
         Generating Code...
         Compiling...
         ServerTest.cpp
         Generating Code...
       Link:
         C:\Program Files (x86)\Microsoft Visual Studio 12.0\VC\bin\link.exe /ERRORREPORT:PROMPT /OUT:"C:\Users\Sneha\Desktop\Sockets1\Sockets\Debug\ServerExecutive.exe" /INCREMENTAL /NOLOGO kernel32.lib user32.lib gdi32.lib winspool.lib comdlg32.lib advapi32.lib shell32.lib ole32.lib oleaut32.lib uuid.lib odbc32.lib odbccp32.lib /MANIFEST /MANIFESTUAC:"level='asInvoker' uiAccess='false'" /manifest:embed /DEBUG /PDB:"C:\Users\Sneha\Desktop\Sockets1\Sockets\Debug\ServerExecutive.pdb" /SUBSYSTEM:CONSOLE /TLBID:1 /DYNAMICBASE /NXCOMPAT /IMPLIB:"C:\Users\Sneha\Desktop\Sockets1\Sockets\Debug\ServerExecutive.lib" /MACHINE:X86 Debug\AppHelpers.obj
         Debug\BlockingQueue.obj
         Debug\Display.obj
         Debug\FileSystem.obj
         Debug\Message.obj
         Debug\Receiver.obj
         Debug\Sender.obj
         Debug\Sockets.obj
         Debug\ServerTest.obj
         C:\Users\Sneha\Desktop\Sockets1\Sockets\Debug\BlockingQueue.lib
         C:\Users\Sneha\Desktop\Sockets1\Sockets\Debug\Display.lib
         C:\Users\Sneha\Desktop\Sockets1\Sockets\Debug\FileSystem.lib
         C:\Users\Sneha\Desktop\Sockets1\Sockets\Debug\Message.lib
         C:\Users\Sneha\Desktop\Sockets1\Sockets\Debug\Sockets.lib
         C:\Users\Sneha\Desktop\Sockets1\Sockets\Debug\Sender.lib
         C:\Users\Sneha\Desktop\Sockets1\Sockets\Debug\Receiver.lib
         C:\Users\Sneha\Desktop\Sockets1\Sockets\Debug\Threads.lib
         Server.vcxproj -> C:\Users\Sneha\Desktop\Sockets1\Sockets\Debug\ServerExecutive.exe
     1>Done Building Project "C:\Users\Sneha\Desktop\Sockets1\Sockets\Server\Server.vcxproj" (Build target(s)).

Build succeeded.

Time Elapsed 00:00:13.92
