Build started 4/27/2015 11:06:00 PM.
     1>Project "C:\Users\Sneha\Desktop\Sockets1\Sockets\Receiver\Receiver.vcxproj" on node 3 (Build target(s)).
     1>ClCompile:
         C:\Program Files (x86)\Microsoft Visual Studio 12.0\VC\bin\CL.exe /c /ZI /nologo /W3 /WX- /Od /Oy- /D WIN32 /D _DEBUG /D _LIB /D _UNICODE /D UNICODE /Gm /EHsc /RTC1 /MDd /GS /fp:precise /Zc:wchar_t /Zc:forScope /Fo"Debug\\" /Fd"Debug\vc120.pdb" /Gd /TP /analyze- /errorReport:prompt Receiver.cpp
         Receiver.cpp
     1>c:\users\sneha\desktop\sockets1\sockets\receiver\receiver.cpp(215): warning C4018: '<' : signed/unsigned mismatch
     1>c:\users\sneha\desktop\sockets1\sockets\receiver\receiver.cpp(413): warning C4018: '<' : signed/unsigned mismatch
     1>c:\users\sneha\desktop\sockets1\sockets\receiver\receiver.cpp(436): warning C4018: '<' : signed/unsigned mismatch
     1>c:\users\sneha\desktop\sockets1\sockets\receiver\receiver.cpp(469): warning C4018: '<' : signed/unsigned mismatch
       Lib:
         C:\Program Files (x86)\Microsoft Visual Studio 12.0\VC\bin\Lib.exe /OUT:"C:\Users\Sneha\Desktop\Sockets1\Sockets\Debug\Receiver.lib" /NOLOGO Debug\AppHelpers.obj
         Debug\Display.obj
         Debug\FileSystem.obj
         Debug\Message.obj
         Debug\Sockets.obj
         Debug\Receiver.obj
         Receiver.vcxproj -> C:\Users\Sneha\Desktop\Sockets1\Sockets\Debug\Receiver.lib
     1>Done Building Project "C:\Users\Sneha\Desktop\Sockets1\Sockets\Receiver\Receiver.vcxproj" (Build target(s)).

Build succeeded.

Time Elapsed 00:00:11.35
